<?xml version="1.0" encoding="UTF-8"?>
<!-- Generated by org.testng.reporters.JUnitReportReporter -->
<testsuite hostname="DTP-QA-MARIAM" name="tests.TestAbout" tests="4" failures="0" timestamp="21 Feb 2019 12:27:26 GMT" time="6.087" errors="0">
  <testcase name="Instructor" time="1.612" classname="tests.TestAbout"/>
  <testcase name="About" time="0.557" classname="tests.TestAbout"/>
  <testcase name="Department" time="1.684" classname="tests.TestAbout"/>
  <testcase name="Student" time="2.234" classname="tests.TestAbout"/>
</testsuite> <!-- tests.TestAbout -->
